app/proguard-rules.pro
# Retrofit
-keepattributes Signature
-keepattributes Exceptions
-keepattributes *Annotation*
-keep class retrofit2.** { *; }
-keepclasseswithmembers class * {
    @retrofit2.http.* <methods>;
}

# Gson
-keepattributes Signature
-keep class com.google.gson.** { *; }
-keep class com.rahul.clearwalls.data.remote.dto.** { *; }

# Room
-keep class * extends androidx.room.RoomDatabase
-keep @androidx.room.Entity class *

# OkHttp
-dontwarn okhttp3.**
-dontwarn okio.**

# Firebase
-keep class com.google.firebase.** { *; }

# Coil 3
-keep class coil3.** { *; }
-keep interface coil3.** { *; }
-dontwarn coil3.**
-keepclassmembers class coil3.** { *; }

# Hilt
-keep class dagger.hilt.** { *; }
-keep class javax.inject.** { *; }
-keep class * extends dagger.hilt.android.internal.managers.ViewComponentManager$FragmentContextWrapper { *; }