app/build/outputs/mapping/release/seeds.txt
com.rahul.clearwalls.data.local.entity.AiGenerationEntity
com.rahul.clearwalls.presentation.aigenerate.AiGenerateViewModel
com.rahul.clearwalls.data.remote.dto.PinterestPin
com.rahul.clearwalls.data.remote.dto.FreepikSearchResponse
com.rahul.clearwalls.worker.AutoWallpaperWorker
com.rahul.clearwalls.data.remote.dto.UnsplashSearchResponse
com.rahul.clearwalls.data.remote.dto.PexelsResponse
com.rahul.clearwalls.data.remote.dto.FreepikResource
com.rahul.clearwalls.data.remote.api.UnsplashApi
com.rahul.clearwalls.presentation.detail.WallpaperDetailViewModel
com.rahul.clearwalls.data.remote.api.FreepikApi
com.rahul.clearwalls.data.local.entity.FavoriteEntity
com.rahul.clearwalls.data.remote.dto.StabilityAiRequest
com.rahul.clearwalls.data.remote.dto.UnsplashUser
com.rahul.clearwalls.data.remote.dto.WallhavenResponse
com.rahul.clearwalls.data.remote.api.PixabayApi
com.rahul.clearwalls.presentation.home.HomeViewModel
com.rahul.clearwalls.data.remote.dto.WallhavenThumbs
com.rahul.clearwalls.data.local.entity.AiQuotaEntity
com.rahul.clearwalls.data.remote.dto.FreepikMeta
com.rahul.clearwalls.data.remote.dto.PixabayHit
com.rahul.clearwalls.worker.WallpaperRefreshWorker
com.rahul.clearwalls.data.local.entity.CachedWallpaperEntity
com.rahul.clearwalls.data.remote.api.PinterestApi
com.rahul.clearwalls.presentation.search.SearchViewModel
com.rahul.clearwalls.data.remote.dto.PexelsSrc
com.rahul.clearwalls.data.remote.dto.UnsplashUrls
com.rahul.clearwalls.presentation.browse.BrowseViewModel
com.rahul.clearwalls.data.remote.api.StabilityAiApi
com.rahul.clearwalls.data.local.ClearWallsDatabase
com.rahul.clearwalls.data.remote.dto.PinterestSearchResponse
com.rahul.clearwalls.presentation.favorites.FavoritesViewModel
com.rahul.clearwalls.data.remote.dto.StabilityAiResponse
com.rahul.clearwalls.data.remote.dto.PixabayResponse
com.rahul.clearwalls.data.remote.dto.PexelsPhoto
com.rahul.clearwalls.data.remote.dto.WallhavenMeta
com.rahul.clearwalls.data.remote.dto.PinterestMedia
com.rahul.clearwalls.presentation.MainActivity_GeneratedInjector
com.rahul.clearwalls.presentation.admin.AdminViewModel
com.rahul.clearwalls.data.remote.dto.FreepikImageSource
com.rahul.clearwalls.data.remote.dto.PinterestImage
com.rahul.clearwalls.data.remote.dto.FreepikImage
com.rahul.clearwalls.data.remote.dto.UnsplashLinks
com.rahul.clearwalls.data.remote.dto.WallhavenWallpaper
com.rahul.clearwalls.ClearWallsApp_GeneratedInjector
com.rahul.clearwalls.data.remote.dto.UnsplashPhoto
com.rahul.clearwalls.presentation.settings.SettingsViewModel
com.rahul.clearwalls.presentation.MainActivity
com.rahul.clearwalls.data.local.ClearWallsDatabase_Impl
com.rahul.clearwalls.data.remote.api.PexelsApi
com.rahul.clearwalls.ClearWallsApp
com.rahul.clearwalls.data.remote.api.WallhavenApi
com.rahul.clearwalls.service.ParallaxWallpaperService
com.rahul.clearwalls.data.remote.dto.WallhavenWallpaper: long fileSize
com.rahul.clearwalls.data.remote.dto.PixabayHit: java.lang.String type
com.rahul.clearwalls.data.remote.dto.PexelsPhoto: com.rahul.clearwalls.data.remote.dto.PexelsSrc src
com.rahul.clearwalls.data.remote.dto.PixabayHit: long userId
com.rahul.clearwalls.data.remote.dto.PexelsResponse: int $stable
com.rahul.clearwalls.data.remote.dto.FreepikSearchResponse: com.rahul.clearwalls.data.remote.dto.FreepikMeta meta
com.rahul.clearwalls.data.remote.dto.PixabayResponse: int $stable
com.rahul.clearwalls.data.remote.dto.WallhavenWallpaper: java.util.List colors
com.rahul.clearwalls.data.remote.dto.PinterestPin: java.lang.String description
com.rahul.clearwalls.data.remote.dto.FreepikMeta: int lastPage
com.rahul.clearwalls.data.remote.dto.WallhavenMeta: int total
com.rahul.clearwalls.data.remote.dto.PexelsResponse: int perPage
com.rahul.clearwalls.data.remote.dto.PexelsSrc: java.lang.String landscape
com.rahul.clearwalls.data.remote.dto.PinterestMedia: int $stable
com.rahul.clearwalls.data.remote.dto.PinterestSearchResponse: java.lang.String bookmark
...
com.google.firebase.firestore.remote.WatchChangeAggregator$1: int[] $SwitchMap$com$google$firebase$firestore$remote$WatchChange$WatchTargetChangeType
coil3.intercept.EngineInterceptor$decode$1: java.lang.Object L$6
com.google.firebase.abt.R$attr: int fontProviderFetchTimeout
com.google.firebase.firestore.proto.MutationQueue: com.google.firebase.firestore.proto.MutationQueue DEFAULT_INSTANCE
com.google.firebase.appcheck.interop.R$attr: int fontProviderCerts
com.google.android.gms.internal.ads.zzbbq$zzah: int zzy
com.google.gson.internal.bind.ObjectTypeAdapter$1: com.google.gson.ToNumberStrategy val$toNumberStrategy
com.google.android.gms.internal.measurement.zzfy$zzk: java.lang.String zzbf
com.google.firebase.crashlytics.internal.persistence.CrashlyticsReportPersistence: java.lang.String REPORT_FILE_NAME
com.google.firebase.analytics.FirebaseAnalytics$Event: java.lang.String LOGIN
com.google.firebase.firestore.core.SyncEngine: com.google.firebase.firestore.core.TargetIdGenerator targetIdGenerator
com.google.firebase.crashlytics.internal.settings.DefaultSettingsSpiCall: java.lang.String HEADER_GOOGLE_APP_ID
com.google.firestore.v1.Target: int EXPECTED_COUNT_FIELD_NUMBER
com.google.firebase.FirebaseOptions: java.lang.String gcmSenderId
com.google.gson.internal.UnsafeAllocator: com.google.gson.internal.UnsafeAllocator INSTANCE
com.google.android.gms.internal.measurement.zzfy$zzk: java.lang.String zzal
com.google.firebase.remoteconfig.internal.Personalization: com.google.firebase.inject.Provider analyticsConnector
com.google.firebase.storage.FirebaseStorage: com.google.firebase.FirebaseApp mApp
com.google.android.gms.internal.measurement.zzfo$zza: int zze
com.google.android.gms.internal.ads.zzbbq$zzbe: int zzb
com.google.firebase.crashlytics.internal.common.OnDemandCounter: java.util.concurrent.atomic.AtomicInteger droppedOnDemandExceptions
com.google.android.gms.internal.ads.zzbbq$zzba: int zzh
com.google.android.gms.internal.ads.zzbbq$zzm: com.google.android.gms.internal.ads.zzgzk zzj
com.google.firestore.v1.StructuredAggregationQuery$Aggregation$Avg: com.google.firestore.v1.StructuredAggregationQuery$Aggregation$Avg DEFAULT_INSTANCE
com.google.firebase.firestore.remote.TargetChange: com.google.firebase.database.collection.ImmutableSortedSet removedDocuments
com.google.firebase.storage.StorageTaskScheduler: java.util.concurrent.Executor UPLOAD_QUEUE_EXECUTOR
com.google.firebase.storage.internal.ExponentialBackoffSender: int MAXIMUM_WAIT_TIME_MILLI
com.google.firebase.storage.StorageException: int httpResultCode
coil3.network.CacheStrategy$WriteResult: coil3.network.NetworkResponse response
com.google.firestore.v1.DocumentChange: int TARGET_IDS_FIELD_NUMBER
com.google.firebase.remoteconfig.internal.ConfigGetParameterHandler: java.nio.charset.Charset FRC_BYTE_ARRAY_ENCODING
com.google.firebase.storage.network.NetworkRequest: int resultCode
com.google.firestore.v1.WriteResponse: int STREAM_TOKEN_FIELD_NUMBER
com.google.firebase.crashlytics.internal.common.ExecutorUtils$2: java.util.concurrent.ExecutorService val$service
com.google.android.gms.internal.ads.zzbbq$zzt: int zzh
com.google.firebase.analytics.connector.AnalyticsConnectorImpl: java.util.Map zza
com.google.android.gms.internal.ads.zzasy: long zzE
com.google.android.gms.internal.ads.zzasy: long zzaU
coil3.network.ConnectivityCheckerApi21: android.net.ConnectivityManager connectivityManager
com.google.firebase.crashlytics.AnalyticsDeferredProxy: com.google.firebase.crashlytics.internal.analytics.AnalyticsEventLogger analyticsEventLogger
com.google.firebase.analytics.FirebaseAnalytics$Param: java.lang.String PRICE
com.google.firebase.crashlytics.internal.model.AutoValue_CrashlyticsReport_Session_Event_Application_Execution_Signal$Builder: java.lang.String code
com.google.firebase.crashlytics.internal.model.AutoValue_CrashlyticsReport_Session_Device$Builder: int cores
com.google.gson.JsonParseException: long serialVersionUID